Тест:без ошибок 
---- Протокол ---- Дата: 01.09.16 08:22:45 ---- 
---- Параметры ---- 
 -in: D:\Универ\2 семестр\яп\LPLab14\In.txt
 -out: D:\Универ\2 семестр\яп\LPLab14\In.txt.out
 -log: D:\Универ\2 семестр\яп\LPLab14\In.txt.log
---- Исходные данные ---- 
Всего символов: 609
Всего строк: 35
Пропущено: 0
Ошибок: 0

1 tfi(ti,ti)
2 {
3 dti;
4 iviv(ivi);
5 ri;
6 };
7 tfi(ti,ti)
8 {
9 dti;
10 tfi(ti,ti,
11 ti);
12 ivi(i,l,l)vi;
13 ri;
14 };
15 m
16 {
17 dti;
18 dti;
19 dti;
20 dti;
21 dti;
22 dti;
23 tfi(ti);
24 ivl;
25 ivl;
26 ivl;
27 ivl;
28 ivi(i,i);
29 ivi(i,i);
30 pl;
31 pi;
32 pi;
33 pi(i);
34 rl;
35 };