D:\STUDY\LABS\YAP\LPLAB14\LPLAB14\DEBUG\LPLAB14.PCH
D:\STUDY\LABS\YAP\LPLAB14\LPLAB14\DEBUG\STDAFX.OBJ
D:\STUDY\LABS\YAP\LPLAB14\LPLAB14\DEBUG\VC110.PDB
D:\STUDY\LABS\YAP\LPLAB14\LPLAB14\DEBUG\FST.OBJ
D:\STUDY\LABS\YAP\LPLAB14\LPLAB14\DEBUG\IT.OBJ
D:\STUDY\LABS\YAP\LPLAB14\LPLAB14\DEBUG\LPLAB14.OBJ
D:\STUDY\LABS\YAP\LPLAB14\LPLAB14\DEBUG\SPLITARRAY.OBJ
D:\STUDY\LABS\YAP\LPLAB14\LPLAB14\DEBUG\LEXANALYSE.OBJ
D:\STUDY\LABS\YAP\LPLAB14\DEBUG\LPLAB14.ILK
D:\STUDY\LABS\YAP\LPLAB14\DEBUG\LPLAB14.EXE
D:\STUDY\LABS\YAP\LPLAB14\DEBUG\LPLAB14.PDB
D:\study\labs\yap\LpLab14\LpLab14\Debug\Error.obj
D:\study\labs\yap\LpLab14\LpLab14\Debug\FST.obj
D:\study\labs\yap\LpLab14\LpLab14\Debug\In.obj
D:\study\labs\yap\LpLab14\LpLab14\Debug\IT.obj
D:\study\labs\yap\LpLab14\LpLab14\Debug\LexAnalyse.obj
D:\study\labs\yap\LpLab14\LpLab14\Debug\Log.obj
D:\study\labs\yap\LpLab14\LpLab14\Debug\LpLab14.obj
D:\study\labs\yap\LpLab14\LpLab14\Debug\LT.obj
D:\study\labs\yap\LpLab14\LpLab14\Debug\Parm.obj
D:\study\labs\yap\LpLab14\LpLab14\Debug\SplitArray.obj
D:\study\labs\yap\LpLab14\LpLab14\Debug\stdafx.obj
D:\study\labs\yap\LpLab14\LpLab14\Debug\cl.command.1.tlog
D:\study\labs\yap\LpLab14\LpLab14\Debug\CL.read.1.tlog
D:\study\labs\yap\LpLab14\LpLab14\Debug\CL.write.1.tlog
D:\study\labs\yap\LpLab14\LpLab14\Debug\link-cvtres.read.1.tlog
D:\study\labs\yap\LpLab14\LpLab14\Debug\link-cvtres.write.1.tlog
D:\study\labs\yap\LpLab14\LpLab14\Debug\link-rc.read.1.tlog
D:\study\labs\yap\LpLab14\LpLab14\Debug\link-rc.write.1.tlog
D:\study\labs\yap\LpLab14\LpLab14\Debug\link.3652-cvtres.read.1.tlog
D:\study\labs\yap\LpLab14\LpLab14\Debug\link.3652-cvtres.write.1.tlog
D:\study\labs\yap\LpLab14\LpLab14\Debug\link.3652-rc.read.1.tlog
D:\study\labs\yap\LpLab14\LpLab14\Debug\link.3652-rc.write.1.tlog
D:\study\labs\yap\LpLab14\LpLab14\Debug\link.3652.read.1.tlog
D:\study\labs\yap\LpLab14\LpLab14\Debug\link.3652.write.1.tlog
D:\study\labs\yap\LpLab14\LpLab14\Debug\link.command.1.tlog
D:\study\labs\yap\LpLab14\LpLab14\Debug\link.read.1.tlog
D:\study\labs\yap\LpLab14\LpLab14\Debug\link.write.1.tlog
D:\study\labs\yap\LpLab14\LpLab14\Debug\LpLab14.pch
D:\study\labs\yap\LpLab14\LpLab14\Debug\vc110.idb
D:\study\labs\yap\LpLab14\LpLab14\Debug\vc110.pdb
D:\study\labs\yap\LpLab14\Debug\LpLab14.pdb
D:\study\labs\yap\LpLab14\Debug\LpLab14.exe
D:\study\labs\yap\LpLab14\Debug\LpLab14.ilk
